2026-02-21T09:21:24.713+01:00  INFO 63224 --- [student-registry-app] [restartedMain] c.e.s.StudentRegistryAppApplication      : Starting StudentRegistryAppApplication using Java 17.0.18 with PID 63224 (/home/andi/Dokumentumok/GitHub/student-registry-app/target/classes started by andi in /home/andi/Dokumentumok/GitHub/student-registry-app)
2026-02-21T09:21:24.723+01:00  INFO 63224 --- [student-registry-app] [restartedMain] c.e.s.StudentRegistryAppApplication      : No active profile set, falling back to 1 default profile: "default"
2026-02-21T09:21:24.854+01:00  INFO 63224 --- [student-registry-app] [restartedMain] .e.DevToolsPropertyDefaultsPostProcessor : Devtools property defaults active! Set 'spring.devtools.add-properties' to 'false' to disable
2026-02-21T09:21:24.855+01:00  INFO 63224 --- [student-registry-app] [restartedMain] .e.DevToolsPropertyDefaultsPostProcessor : For additional web related logging consider setting the 'logging.level.web' property to 'DEBUG'
2026-02-21T09:21:25.969+01:00  INFO 63224 --- [student-registry-app] [restartedMain] .s.d.r.c.RepositoryConfigurationDelegate : Bootstrapping Spring Data JPA repositories in DEFAULT mode.
2026-02-21T09:21:26.057+01:00  INFO 63224 --- [student-registry-app] [restartedMain] .s.d.r.c.RepositoryConfigurationDelegate : Finished Spring Data repository scanning in 51 ms. Found 0 JPA repository interfaces.
2026-02-21T09:21:27.003+01:00  INFO 63224 --- [student-registry-app] [restartedMain] o.s.b.w.embedded.tomcat.TomcatWebServer  : Tomcat initialized with port 8080 (http)
2026-02-21T09:21:27.018+01:00  INFO 63224 --- [student-registry-app] [restartedMain] o.apache.catalina.core.StandardService   : Starting service [Tomcat]
2026-02-21T09:21:27.018+01:00  INFO 63224 --- [student-registry-app] [restartedMain] o.apache.catalina.core.StandardEngine    : Starting Servlet engine: [Apache Tomcat/10.1.52]
2026-02-21T09:21:27.100+01:00  INFO 63224 --- [student-registry-app] [restartedMain] o.a.c.c.C.[Tomcat].[localhost].[/]       : Initializing Spring embedded WebApplicationContext
2026-02-21T09:21:27.100+01:00  INFO 63224 --- [student-registry-app] [restartedMain] w.s.c.ServletWebServerApplicationContext : Root WebApplicationContext: initialization completed in 2244 ms
2026-02-21T09:21:27.254+01:00  INFO 63224 --- [student-registry-app] [restartedMain] com.zaxxer.hikari.HikariDataSource       : HikariPool-1 - Starting...
2026-02-21T09:21:28.660+01:00  INFO 63224 --- [student-registry-app] [restartedMain] com.zaxxer.hikari.pool.HikariPool        : HikariPool-1 - Added connection org.postgresql.jdbc.PgConnection@9d8211
2026-02-21T09:21:28.664+01:00  INFO 63224 --- [student-registry-app] [restartedMain] com.zaxxer.hikari.HikariDataSource       : HikariPool-1 - Start completed.
2026-02-21T09:21:28.808+01:00  INFO 63224 --- [student-registry-app] [restartedMain] o.hibernate.jpa.internal.util.LogHelper  : HHH000204: Processing PersistenceUnitInfo [name: default]
2026-02-21T09:21:28.901+01:00  INFO 63224 --- [student-registry-app] [restartedMain] org.hibernate.Version                    : HHH000412: Hibernate ORM core version 6.6.42.Final
2026-02-21T09:21:28.958+01:00  INFO 63224 --- [student-registry-app] [restartedMain] o.h.c.internal.RegionFactoryInitiator    : HHH000026: Second-level cache disabled
2026-02-21T09:21:29.918+01:00  INFO 63224 --- [student-registry-app] [restartedMain] o.s.o.j.p.SpringPersistenceUnitInfo      : No LoadTimeWeaver setup: ignoring JPA class transformer
2026-02-21T09:21:30.549+01:00  INFO 63224 --- [student-registry-app] [restartedMain] org.hibernate.orm.connections.pooling    : HHH10001005: Database info:
	Database JDBC URL [Connecting through datasource 'HikariDataSource (HikariPool-1)']
	Database driver: undefined/unknown
	Database version: 16.11
	Autocommit mode: undefined/unknown
	Isolation level: undefined/unknown
	Minimum pool size: undefined/unknown
	Maximum pool size: undefined/unknown
2026-02-21T09:21:31.430+01:00  INFO 63224 --- [student-registry-app] [restartedMain] o.h.e.t.j.p.i.JtaPlatformInitiator       : HHH000489: No JTA platform available (set 'hibernate.transaction.jta.platform' to enable JTA platform integration)
2026-02-21T09:21:31.444+01:00  INFO 63224 --- [student-registry-app] [restartedMain] j.LocalContainerEntityManagerFactoryBean : Initialized JPA EntityManagerFactory for persistence unit 'default'
2026-02-21T09:21:31.563+01:00  WARN 63224 --- [student-registry-app] [restartedMain] JpaBaseConfiguration$JpaWebConfiguration : spring.jpa.open-in-view is enabled by default. Therefore, database queries may be performed during view rendering. Explicitly configure spring.jpa.open-in-view to disable this warning
2026-02-21T09:21:31.620+01:00  INFO 63224 --- [student-registry-app] [restartedMain] o.s.b.a.w.s.WelcomePageHandlerMapping    : Adding welcome page template: index
2026-02-21T09:21:33.999+01:00  INFO 63224 --- [student-registry-app] [restartedMain] o.s.b.d.a.OptionalLiveReloadServer       : LiveReload server is running on port 35729
2026-02-21T09:21:34.123+01:00  INFO 63224 --- [student-registry-app] [restartedMain] o.s.b.w.embedded.tomcat.TomcatWebServer  : Tomcat started on port 8080 (http) with context path '/'
2026-02-21T09:21:34.160+01:00  INFO 63224 --- [student-registry-app] [restartedMain] c.e.s.StudentRegistryAppApplication      : Started StudentRegistryAppApplication in 9.99 seconds (process running for 10.458)
2026-02-21T09:21:57.930+01:00  INFO 63224 --- [student-registry-app] [http-nio-8080-exec-1] o.a.c.c.C.[Tomcat].[localhost].[/]       : Initializing Spring DispatcherServlet 'dispatcherServlet'
2026-02-21T09:21:57.931+01:00  INFO 63224 --- [student-registry-app] [http-nio-8080-exec-1] o.s.web.servlet.DispatcherServlet        : Initializing Servlet 'dispatcherServlet'
2026-02-21T09:21:57.942+01:00  INFO 63224 --- [student-registry-app] [http-nio-8080-exec-1] o.s.web.servlet.DispatcherServlet        : Completed initialization in 9 ms
2026-02-21T09:22:27.524+01:00  INFO 63224 --- [student-registry-app] [File Watcher] rtingClassPathChangeChangedEventListener : Restarting due to 1 class path change (0 additions, 0 deletions, 1 modification)
2026-02-21T09:22:27.543+01:00  INFO 63224 --- [student-registry-app] [Thread-5] o.s.b.w.e.tomcat.GracefulShutdown        : Commencing graceful shutdown. Waiting for active requests to complete
2026-02-21T09:22:27.562+01:00  INFO 63224 --- [student-registry-app] [tomcat-shutdown] o.s.b.w.e.tomcat.GracefulShutdown        : Graceful shutdown complete
2026-02-21T09:22:27.583+01:00  INFO 63224 --- [student-registry-app] [Thread-5] j.LocalContainerEntityManagerFactoryBean : Closing JPA EntityManagerFactory for persistence unit 'default'
2026-02-21T09:22:27.602+01:00  INFO 63224 --- [student-registry-app] [Thread-5] com.zaxxer.hikari.HikariDataSource       : HikariPool-1 - Shutdown initiated...
2026-02-21T09:22:27.970+01:00  INFO 63224 --- [student-registry-app] [Thread-5] com.zaxxer.hikari.HikariDataSource       : HikariPool-1 - Shutdown completed.
2026-02-21T09:22:28.054+01:00  INFO 63224 --- [student-registry-app] [restartedMain] c.e.s.StudentRegistryAppApplication      : Starting StudentRegistryAppApplication using Java 17.0.18 with PID 63224 (/home/andi/Dokumentumok/GitHub/student-registry-app/target/classes started by andi in /home/andi/Dokumentumok/GitHub/student-registry-app)
2026-02-21T09:22:28.055+01:00  INFO 63224 --- [student-registry-app] [restartedMain] c.e.s.StudentRegistryAppApplication      : No active profile set, falling back to 1 default profile: "default"
2026-02-21T09:22:28.279+01:00  INFO 63224 --- [student-registry-app] [restartedMain] .s.d.r.c.RepositoryConfigurationDelegate : Bootstrapping Spring Data JPA repositories in DEFAULT mode.
2026-02-21T09:22:28.282+01:00  INFO 63224 --- [student-registry-app] [restartedMain] .s.d.r.c.RepositoryConfigurationDelegate : Finished Spring Data repository scanning in 1 ms. Found 0 JPA repository interfaces.
2026-02-21T09:22:28.396+01:00  INFO 63224 --- [student-registry-app] [restartedMain] o.s.b.w.embedded.tomcat.TomcatWebServer  : Tomcat initialized with port 8080 (http)
2026-02-21T09:22:28.397+01:00  INFO 63224 --- [student-registry-app] [restartedMain] o.apache.catalina.core.StandardService   : Starting service [Tomcat]
2026-02-21T09:22:28.398+01:00  INFO 63224 --- [student-registry-app] [restartedMain] o.apache.catalina.core.StandardEngine    : Starting Servlet engine: [Apache Tomcat/10.1.52]
2026-02-21T09:22:28.411+01:00  INFO 63224 --- [student-registry-app] [restartedMain] o.a.c.c.C.[Tomcat].[localhost].[/]       : Initializing Spring embedded WebApplicationContext
2026-02-21T09:22:28.412+01:00  INFO 63224 --- [student-registry-app] [restartedMain] w.s.c.ServletWebServerApplicationContext : Root WebApplicationContext: initialization completed in 355 ms
2026-02-21T09:22:28.458+01:00  INFO 63224 --- [student-registry-app] [restartedMain] com.zaxxer.hikari.HikariDataSource       : HikariPool-2 - Starting...
2026-02-21T09:22:29.334+01:00  INFO 63224 --- [student-registry-app] [restartedMain] com.zaxxer.hikari.pool.HikariPool        : HikariPool-2 - Added connection org.postgresql.jdbc.PgConnection@6d37bb28
2026-02-21T09:22:29.335+01:00  INFO 63224 --- [student-registry-app] [restartedMain] com.zaxxer.hikari.HikariDataSource       : HikariPool-2 - Start completed.
2026-02-21T09:22:29.367+01:00  INFO 63224 --- [student-registry-app] [restartedMain] o.hibernate.jpa.internal.util.LogHelper  : HHH000204: Processing PersistenceUnitInfo [name: default]
2026-02-21T09:22:29.370+01:00  INFO 63224 --- [student-registry-app] [restartedMain] o.h.c.internal.RegionFactoryInitiator    : HHH000026: Second-level cache disabled
2026-02-21T09:22:29.385+01:00  INFO 63224 --- [student-registry-app] [restartedMain] o.s.o.j.p.SpringPersistenceUnitInfo      : No LoadTimeWeaver setup: ignoring JPA class transformer
2026-02-21T09:22:29.534+01:00  INFO 63224 --- [student-registry-app] [restartedMain] org.hibernate.orm.connections.pooling    : HHH10001005: Database info:
	Database JDBC URL [Connecting through datasource 'HikariDataSource (HikariPool-2)']
	Database driver: undefined/unknown
	Database version: 16.11
	Autocommit mode: undefined/unknown
	Isolation level: undefined/unknown
	Minimum pool size: undefined/unknown
	Maximum pool size: undefined/unknown
2026-02-21T09:22:29.565+01:00  INFO 63224 --- [student-registry-app] [restartedMain] o.h.e.t.j.p.i.JtaPlatformInitiator       : HHH000489: No JTA platform available (set 'hibernate.transaction.jta.platform' to enable JTA platform integration)
2026-02-21T09:22:29.565+01:00  INFO 63224 --- [student-registry-app] [restartedMain] j.LocalContainerEntityManagerFactoryBean : Initialized JPA EntityManagerFactory for persistence unit 'default'
2026-02-21T09:22:29.591+01:00  WARN 63224 --- [student-registry-app] [restartedMain] JpaBaseConfiguration$JpaWebConfiguration : spring.jpa.open-in-view is enabled by default. Therefore, database queries may be performed during view rendering. Explicitly configure spring.jpa.open-in-view to disable this warning
2026-02-21T09:22:29.602+01:00  INFO 63224 --- [student-registry-app] [restartedMain] o.s.b.a.w.s.WelcomePageHandlerMapping    : Adding welcome page template: index
2026-02-21T09:22:29.705+01:00  INFO 63224 --- [student-registry-app] [restartedMain] o.s.b.d.a.OptionalLiveReloadServer       : LiveReload server is running on port 35729
2026-02-21T09:22:29.712+01:00  INFO 63224 --- [student-registry-app] [restartedMain] o.s.b.w.embedded.tomcat.TomcatWebServer  : Tomcat started on port 8080 (http) with context path '/'
2026-02-21T09:22:29.719+01:00  INFO 63224 --- [student-registry-app] [restartedMain] c.e.s.StudentRegistryAppApplication      : Started StudentRegistryAppApplication in 1.693 seconds (process running for 66.018)
2026-02-21T09:22:29.721+01:00  INFO 63224 --- [student-registry-app] [restartedMain] .ConditionEvaluationDeltaLoggingListener : Condition evaluation unchanged
2026-02-21T09:23:02.788+01:00  INFO 63224 --- [student-registry-app] [SpringApplicationShutdownHook] o.s.b.w.e.tomcat.GracefulShutdown        : Commencing graceful shutdown. Waiting for active requests to complete
2026-02-21T09:23:02.804+01:00  INFO 63224 --- [student-registry-app] [tomcat-shutdown] o.s.b.w.e.tomcat.GracefulShutdown        : Graceful shutdown complete
2026-02-21T09:23:02.816+01:00  INFO 63224 --- [student-registry-app] [SpringApplicationShutdownHook] j.LocalContainerEntityManagerFactoryBean : Closing JPA EntityManagerFactory for persistence unit 'default'
2026-02-21T09:23:02.823+01:00  INFO 63224 --- [student-registry-app] [SpringApplicationShutdownHook] com.zaxxer.hikari.HikariDataSource       : HikariPool-2 - Shutdown initiated...
2026-02-21T09:23:03.147+01:00  INFO 63224 --- [student-registry-app] [SpringApplicationShutdownHook] com.zaxxer.hikari.HikariDataSource       : HikariPool-2 - Shutdown completed.
